{"level":"info","message":"GET /api/blog/admin/blogs?page=1&pageSize=10"}
{"level":"info","message":"GET /api/blog/admin/blogs?page=1&pageSize=10"}
{"level":"info","message":"GET /api/blog/admin/blogs?page=1&pageSize=10"}
{"level":"info","message":"GET /api/blog/admin/blogs?page=1&pageSize=10"}
{"level":"info","message":"GET /api/blog/admin/blogs?page=1&pageSize=10"}
{"level":"info","message":"GET /api/blog/admin/blogs?page=1&pageSize=10"}
{"level":"info","message":"GET /api/blog/admin/blogs?page=1&pageSize=10"}
{"level":"info","message":"GET /api/blog/admin/blogs?page=1&pageSize=10"}
{"level":"info","message":"GET /api/blog/admin/blogs?page=1&pageSize=10"}
{"level":"info","message":"GET /api/blog/admin/blogs?page=1&pageSize=10"}
{"level":"info","message":"GET /api/blog/admin/blogs?page=1&pageSize=10"}
{"level":"info","message":"GET /api/blog/admin/blogs?page=1&pageSize=10"}
{"level":"info","message":"GET /api/blog/admin/blogs?page=1&pageSize=10"}
{"level":"info","message":"GET /api/blog/admin/blogs?page=1&pageSize=10"}
{"level":"info","message":"GET /api/blog/admin/blogs?page=1&pageSize=10"}
{"level":"info","message":"GET /api/blog/admin/blogs?page=1&pageSize=10"}
{"level":"info","message":"GET /api/blog/admin/blogs?page=1&pageSize=10"}
{"level":"info","message":"GET /api/blog/admin/blogs?page=1&pageSize=10"}
{"level":"info","message":"GET /api/blog/admin/blogs?page=1&pageSize=10"}
{"level":"info","message":"GET /api/blog/admin/blogs?page=1&pageSize=10"}
{"level":"info","message":"GET /api/blog/admin/blogs?page=1&pageSize=10"}
{"level":"info","message":"GET /api/blog/admin/blogs?page=1&pageSize=10"}
{"level":"info","message":"GET /api/blog/admin/blogs?page=1&pageSize=10"}
{"level":"info","message":"GET /api/blog/admin/blogs?page=1&pageSize=10"}
{"level":"info","message":"GET /api/blog/admin/blogs?page=1&pageSize=10"}
{"level":"info","message":"POST /api/auth/login"}
{"level":"info","message":"GET /api/blog/admin/blogs?page=1&pageSize=10"}
{"level":"info","message":"GET /api/blog/admin/blogs?page=1&pageSize=10"}
{"level":"info","message":"GET /api/blog/admin/blogs?page=1&pageSize=10"}
{"level":"info","message":"GET /api/blog/admin/blogs?page=1&pageSize=10"}
{"level":"info","message":"GET /api/blog/admin/blogs?page=1&pageSize=10"}
{"level":"info","message":"GET /api/blog/admin/by/cvbdkv-dvgdf-ih-droit-addons-for-elementorscdvc-vchdvc"}
{"level":"info","message":"GET /api/blog/admin/blogs?page=1&pageSize=10"}
{"level":"info","message":"GET /api/blog/admin/blogs?page=1&pageSize=10"}
{"level":"info","message":"GET /api/blog/admin/blogs?page=1&pageSize=10"}
{"level":"info","message":"POST /api/auth/login"}
{"level":"info","message":"GET /api/blog/admin/blogs?page=1&pageSize=10"}
{"level":"info","message":"GET /api/blog/admin/blogs?page=1&pageSize=10"}
{"level":"info","message":"GET /api/blog/admin/blogs?page=1&pageSize=10"}
{"level":"info","message":"GET /api/blog/admin/blogs?page=1&pageSize=10"}
{"level":"info","message":"GET /api/blog/admin/by/cvbdkv-dvgdf-ih-droit-addons-for-elementorscdvc-vchdvc"}
{"level":"info","message":"GET /api/blog/admin/blogs?page=1&pageSize=10"}
{"level":"info","message":"GET /api/blog/admin/blogs?page=1&pageSize=10"}
{"level":"info","message":"GET /api/blog/admin/by/droit-addons-for-elementor"}
{"level":"info","message":"GET /api/blog/admin/by/droit-addons-for-elementor"}
{"level":"info","message":"GET /api/blog/admin/by/droit-addons-for-elementor"}
{"level":"info","message":"GET /api/blog/admin/blogs?page=1&pageSize=10"}
{"level":"info","message":"GET /api/blog/admin/blogs?page=1&pageSize=10"}
{"level":"info","message":"GET /api/blog/admin/blogs?page=1&pageSize=10"}
{"level":"info","message":"GET /api/blog/admin/blogs?page=1&pageSize=10"}
{"level":"info","message":"GET /api/blog/admin/blogs?page=1&pageSize=10"}
{"level":"info","message":"GET /api/blog/admin/by/cvbdkv-dvgdf-ih-droit-addons-for-elementorscdvc-vchdvc"}
{"level":"info","message":"GET /api/blog/admin/blogs?page=1&pageSize=10"}
{"level":"info","message":"POST /api/auth/login"}
{"level":"info","message":"GET /api/blog/admin/blogs?page=1&pageSize=10"}
{"level":"info","message":"GET /api/blog/admin/blogs?page=1&pageSize=10"}
{"level":"info","message":"GET /api/blog/admin/blogs?page=1&pageSize=10"}
{"level":"info","message":"GET /api/blog/admin/blogs?page=1&pageSize=10"}
{"level":"info","message":"GET /api/blog/admin/blogs?page=1&pageSize=10"}
{"level":"info","message":"GET /api/blog/admin/blogs?page=1&pageSize=10"}
{"level":"info","message":"GET /api/blog/admin/blogs?page=1&pageSize=10"}
{"level":"info","message":"GET /api/blog/admin/blogs?page=1&pageSize=10"}
{"level":"info","message":"POST /api/auth/login"}
{"level":"info","message":"GET /api/blog/admin/blogs?page=1&pageSize=10"}
{"level":"info","message":"GET /api/blog/admin/blogs?page=1&pageSize=10"}
{"level":"info","message":"GET /api/blog/admin/blogs?page=1&pageSize=10"}
{"level":"info","message":"GET /api/blog/admin/blogs?page=1&pageSize=10"}
{"level":"info","message":"GET /api/blog/admin/blogs?page=1&pageSize=10"}
{"level":"info","message":"GET /api/blog/admin/blogs?page=1&pageSize=10"}
{"level":"info","message":"GET /api/blog/admin/blogs?page=1&pageSize=10"}
{"level":"info","message":"GET /api/blog/admin/blogs?page=1&pageSize=10"}
{"level":"info","message":"GET /api/blog/admin/by/vnbsdfkhvb"}
{"level":"info","message":"GET /api/blog/admin/by/vnbsdfkhvb"}
{"level":"info","message":"GET /api/blog/admin/blogs?page=1&pageSize=10"}
{"level":"info","message":"GET /api/blog/admin/blogs?page=1&pageSize=10"}
{"level":"info","message":"GET /api/blog/admin/blogs?page=1&pageSize=10"}
{"level":"info","message":"GET /api/blog/admin/blogs?page=1&pageSize=10"}
{"level":"info","message":"GET /api/blog/admin/blogs?page=1&pageSize=10"}
